<?xml version="1.0" encoding="UTF-8"?>
<coverage generated="1761571805628" clover="3.2.0">
  <project timestamp="1761571805629" name="All files">
    <metrics statements="1773" coveredstatements="42" conditionals="1111" coveredconditionals="3" methods="196" coveredmethods="1" elements="3080" coveredelements="46" complexity="0" loc="1773" ncloc="1773" packages="1" files="13" classes="13"/>
    <file name="ai.js" path="C:\Users\pmjpr\OneDrive\Desktop\MMS1\backend\routes\ai.js">
      <metrics statements="58" coveredstatements="0" conditionals="44" coveredconditionals="0" methods="7" coveredmethods="0"/>
      <line num="1" count="0" type="stmt"/>
      <line num="2" count="0" type="stmt"/>
      <line num="4" count="0" type="stmt"/>
      <line num="7" count="0" type="stmt"/>
      <line num="14" count="0" type="stmt"/>
      <line num="45" count="0" type="stmt"/>
      <line num="46" count="0" type="cond" truecount="0" falsecount="2"/>
      <line num="48" count="0" type="stmt"/>
      <line num="50" count="0" type="stmt"/>
      <line num="51" count="0" type="stmt"/>
      <line num="52" count="0" type="stmt"/>
      <line num="53" count="0" type="stmt"/>
      <line num="54" count="0" type="stmt"/>
      <line num="63" count="0" type="stmt"/>
      <line num="64" count="0" type="cond" truecount="0" falsecount="2"/>
      <line num="65" count="0" type="stmt"/>
      <line num="66" count="0" type="stmt"/>
      <line num="68" count="0" type="stmt"/>
      <line num="70" count="0" type="stmt"/>
      <line num="71" count="0" type="stmt"/>
      <line num="73" count="0" type="stmt"/>
      <line num="74" count="0" type="cond" truecount="0" falsecount="3"/>
      <line num="75" count="0" type="cond" truecount="0" falsecount="4"/>
      <line num="76" count="0" type="stmt"/>
      <line num="77" count="0" type="stmt"/>
      <line num="78" count="0" type="stmt"/>
      <line num="79" count="0" type="stmt"/>
      <line num="81" count="0" type="stmt"/>
      <line num="84" count="0" type="stmt"/>
      <line num="89" count="0" type="cond" truecount="0" falsecount="2"/>
      <line num="90" count="0" type="cond" truecount="0" falsecount="2"/>
      <line num="91" count="0" type="cond" truecount="0" falsecount="2"/>
      <line num="92" count="0" type="cond" truecount="0" falsecount="4"/>
      <line num="93" count="0" type="cond" truecount="0" falsecount="2"/>
      <line num="96" count="0" type="stmt"/>
      <line num="97" count="0" type="stmt"/>
      <line num="98" count="0" type="cond" truecount="0" falsecount="2"/>
      <line num="99" count="0" type="cond" truecount="0" falsecount="4"/>
      <line num="100" count="0" type="stmt"/>
      <line num="105" count="0" type="stmt"/>
      <line num="106" count="0" type="stmt"/>
      <line num="107" count="0" type="stmt"/>
      <line num="109" count="0" type="cond" truecount="0" falsecount="2"/>
      <line num="113" count="0" type="cond" truecount="0" falsecount="2"/>
      <line num="114" count="0" type="stmt"/>
      <line num="115" count="0" type="stmt"/>
      <line num="116" count="0" type="stmt"/>
      <line num="118" count="0" type="cond" truecount="0" falsecount="2"/>
      <line num="123" count="0" type="cond" truecount="0" falsecount="2"/>
      <line num="126" count="0" type="stmt"/>
      <line num="141" count="0" type="cond" truecount="0" falsecount="2"/>
      <line num="142" count="0" type="stmt"/>
      <line num="143" count="0" type="stmt"/>
      <line num="147" count="0" type="cond" truecount="0" falsecount="2"/>
      <line num="157" count="0" type="stmt"/>
      <line num="164" count="0" type="stmt"/>
      <line num="165" count="0" type="stmt"/>
      <line num="169" count="0" type="stmt"/>
    </file>
    <file name="albums.js" path="C:\Users\pmjpr\OneDrive\Desktop\MMS1\backend\routes\albums.js">
      <metrics statements="121" coveredstatements="0" conditionals="64" coveredconditionals="0" methods="14" coveredmethods="0"/>
      <line num="1" count="0" type="stmt"/>
      <line num="2" count="0" type="stmt"/>
      <line num="3" count="0" type="stmt"/>
      <line num="6" count="0" type="stmt"/>
      <line num="7" count="0" type="stmt"/>
      <line num="8" count="0" type="cond" truecount="0" falsecount="2"/>
      <line num="9" count="0" type="cond" truecount="0" falsecount="2"/>
      <line num="11" count="0" type="stmt"/>
      <line num="12" count="0" type="stmt"/>
      <line num="13" count="0" type="cond" truecount="0" falsecount="4"/>
      <line num="16" count="0" type="stmt"/>
      <line num="22" count="0" type="stmt"/>
      <line num="23" count="0" type="stmt"/>
      <line num="25" count="0" type="stmt"/>
      <line num="30" count="0" type="stmt"/>
      <line num="31" count="0" type="stmt"/>
      <line num="32" count="0" type="cond" truecount="0" falsecount="4"/>
      <line num="33" count="0" type="stmt"/>
      <line num="35" count="0" type="stmt"/>
      <line num="36" count="0" type="stmt"/>
      <line num="37" count="0" type="cond" truecount="0" falsecount="4"/>
      <line num="38" count="0" type="stmt"/>
      <line num="41" count="0" type="stmt"/>
      <line num="45" count="0" type="stmt"/>
      <line num="46" count="0" type="cond" truecount="0" falsecount="2"/>
      <line num="47" count="0" type="stmt"/>
      <line num="49" count="0" type="stmt"/>
      <line num="53" count="0" type="stmt"/>
      <line num="54" count="0" type="stmt"/>
      <line num="55" count="0" type="stmt"/>
      <line num="61" count="0" type="cond" truecount="0" falsecount="2"/>
      <line num="62" count="0" type="stmt"/>
      <line num="64" count="0" type="stmt"/>
      <line num="65" count="0" type="stmt"/>
      <line num="70" count="0" type="stmt"/>
      <line num="71" count="0" type="stmt"/>
      <line num="72" count="0" type="cond" truecount="0" falsecount="1"/>
      <line num="74" count="0" type="cond" truecount="0" falsecount="2"/>
      <line num="76" count="0" type="stmt"/>
      <line num="89" count="0" type="cond" truecount="0" falsecount="2"/>
      <line num="90" count="0" type="stmt"/>
      <line num="92" count="0" type="stmt"/>
      <line num="93" count="0" type="stmt"/>
      <line num="98" count="0" type="stmt"/>
      <line num="99" count="0" type="stmt"/>
      <line num="100" count="0" type="stmt"/>
      <line num="101" count="0" type="stmt"/>
      <line num="104" count="0" type="stmt"/>
      <line num="111" count="0" type="cond" truecount="0" falsecount="2"/>
      <line num="113" count="0" type="stmt"/>
      <line num="127" count="0" type="cond" truecount="0" falsecount="2"/>
      <line num="128" count="0" type="stmt"/>
      <line num="130" count="0" type="stmt"/>
      <line num="131" count="0" type="stmt"/>
      <line num="136" count="0" type="stmt"/>
      <line num="137" count="0" type="stmt"/>
      <line num="138" count="0" type="stmt"/>
      <line num="141" count="0" type="stmt"/>
      <line num="148" count="0" type="cond" truecount="0" falsecount="2"/>
      <line num="150" count="0" type="stmt"/>
      <line num="152" count="0" type="cond" truecount="0" falsecount="2"/>
      <line num="153" count="0" type="stmt"/>
      <line num="155" count="0" type="stmt"/>
      <line num="156" count="0" type="stmt"/>
      <line num="161" count="0" type="stmt"/>
      <line num="162" count="0" type="stmt"/>
      <line num="163" count="0" type="stmt"/>
      <line num="164" count="0" type="stmt"/>
      <line num="167" count="0" type="stmt"/>
      <line num="174" count="0" type="cond" truecount="0" falsecount="2"/>
      <line num="177" count="0" type="stmt"/>
      <line num="185" count="0" type="cond" truecount="0" falsecount="2"/>
      <line num="187" count="0" type="stmt"/>
      <line num="193" count="0" type="cond" truecount="0" falsecount="2"/>
      <line num="196" count="0" type="stmt"/>
      <line num="202" count="0" type="stmt"/>
      <line num="204" count="0" type="stmt"/>
      <line num="205" count="0" type="stmt"/>
      <line num="210" count="0" type="stmt"/>
      <line num="211" count="0" type="stmt"/>
      <line num="212" count="0" type="stmt"/>
      <line num="215" count="0" type="stmt"/>
      <line num="222" count="0" type="cond" truecount="0" falsecount="2"/>
      <line num="224" count="0" type="stmt"/>
      <line num="230" count="0" type="cond" truecount="0" falsecount="2"/>
      <line num="233" count="0" type="stmt"/>
      <line num="240" count="0" type="stmt"/>
      <line num="242" count="0" type="stmt"/>
      <line num="243" count="0" type="stmt"/>
      <line num="248" count="0" type="stmt"/>
      <line num="249" count="0" type="stmt"/>
      <line num="250" count="0" type="cond" truecount="0" falsecount="3"/>
      <line num="251" count="0" type="stmt"/>
      <line num="253" count="0" type="cond" truecount="0" falsecount="4"/>
      <line num="254" count="0" type="stmt"/>
      <line num="258" count="0" type="stmt"/>
      <line num="281" count="0" type="stmt"/>
      <line num="283" count="0" type="cond" truecount="0" falsecount="2"/>
      <line num="284" count="0" type="stmt"/>
      <line num="285" count="0" type="stmt"/>
      <line num="288" count="0" type="stmt"/>
      <line num="289" count="0" type="stmt"/>
      <line num="313" count="0" type="stmt"/>
      <line num="314" count="0" type="stmt"/>
      <line num="319" count="0" type="stmt"/>
      <line num="320" count="0" type="stmt"/>
      <line num="321" count="0" type="stmt"/>
      <line num="324" count="0" type="stmt"/>
      <line num="331" count="0" type="cond" truecount="0" falsecount="4"/>
      <line num="332" count="0" type="stmt"/>
      <line num="336" count="0" type="stmt"/>
      <line num="354" count="0" type="cond" truecount="0" falsecount="2"/>
      <line num="355" count="0" type="stmt"/>
      <line num="356" count="0" type="stmt"/>
      <line num="360" count="0" type="cond" truecount="0" falsecount="2"/>
      <line num="361" count="0" type="stmt"/>
      <line num="362" count="0" type="stmt"/>
      <line num="365" count="0" type="stmt"/>
      <line num="376" count="0" type="stmt"/>
      <line num="377" count="0" type="stmt"/>
      <line num="381" count="0" type="stmt"/>
    </file>
    <file name="analytics.js" path="C:\Users\pmjpr\OneDrive\Desktop\MMS1\backend\routes\analytics.js">
      <metrics statements="137" coveredstatements="0" conditionals="85" coveredconditionals="0" methods="26" coveredmethods="0"/>
      <line num="1" count="0" type="stmt"/>
      <line num="2" count="0" type="stmt"/>
      <line num="3" count="0" type="stmt"/>
      <line num="5" count="0" type="stmt"/>
      <line num="8" count="0" type="stmt"/>
      <line num="9" count="0" type="stmt"/>
      <line num="11" count="0" type="cond" truecount="0" falsecount="2"/>
      <line num="12" count="0" type="stmt"/>
      <line num="15" count="0" type="cond" truecount="0" falsecount="2"/>
      <line num="16" count="0" type="stmt"/>
      <line num="19" count="0" type="stmt"/>
      <line num="20" count="0" type="stmt"/>
      <line num="21" count="0" type="cond" truecount="0" falsecount="2"/>
      <line num="22" count="0" type="cond" truecount="0" falsecount="2"/>
      <line num="25" count="0" type="stmt"/>
      <line num="32" count="0" type="stmt"/>
      <line num="33" count="0" type="stmt"/>
      <line num="35" count="0" type="stmt"/>
      <line num="40" count="0" type="stmt"/>
      <line num="41" count="0" type="cond" truecount="0" falsecount="2"/>
      <line num="42" count="0" type="stmt"/>
      <line num="44" count="0" type="stmt"/>
      <line num="48" count="0" type="stmt"/>
      <line num="49" count="0" type="stmt"/>
      <line num="50" count="0" type="cond" truecount="0" falsecount="1"/>
      <line num="51" count="0" type="stmt"/>
      <line num="54" count="0" type="stmt"/>
      <line num="60" count="0" type="cond" truecount="0" falsecount="4"/>
      <line num="61" count="0" type="stmt"/>
      <line num="65" count="0" type="stmt"/>
      <line num="81" count="0" type="cond" truecount="0" falsecount="2"/>
      <line num="82" count="0" type="stmt"/>
      <line num="86" count="0" type="stmt"/>
      <line num="87" count="0" type="stmt"/>
      <line num="89" count="0" type="stmt"/>
      <line num="90" count="0" type="stmt"/>
      <line num="93" count="0" type="stmt"/>
      <line num="94" count="0" type="cond" truecount="0" falsecount="2"/>
      <line num="95" count="0" type="cond" truecount="0" falsecount="2"/>
      <line num="96" count="0" type="cond" truecount="0" falsecount="2"/>
      <line num="98" count="0" type="stmt"/>
      <line num="106" count="0" type="stmt"/>
      <line num="124" count="0" type="cond" truecount="0" falsecount="2"/>
      <line num="125" count="0" type="stmt"/>
      <line num="129" count="0" type="stmt"/>
      <line num="131" count="0" type="cond" truecount="0" falsecount="2"/>
      <line num="132" count="0" type="cond" truecount="0" falsecount="2"/>
      <line num="133" count="0" type="cond" truecount="0" falsecount="2"/>
      <line num="135" count="0" type="stmt"/>
      <line num="144" count="0" type="stmt"/>
      <line num="147" count="0" type="stmt"/>
      <line num="162" count="0" type="stmt"/>
      <line num="169" count="0" type="stmt"/>
      <line num="179" count="0" type="stmt"/>
      <line num="180" count="0" type="stmt"/>
      <line num="185" count="0" type="stmt"/>
      <line num="186" count="0" type="stmt"/>
      <line num="187" count="0" type="stmt"/>
      <line num="188" count="0" type="stmt"/>
      <line num="191" count="0" type="stmt"/>
      <line num="198" count="0" type="cond" truecount="0" falsecount="4"/>
      <line num="199" count="0" type="stmt"/>
      <line num="203" count="0" type="stmt"/>
      <line num="214" count="0" type="cond" truecount="0" falsecount="2"/>
      <line num="215" count="0" type="stmt"/>
      <line num="219" count="0" type="cond" truecount="0" falsecount="2"/>
      <line num="220" count="0" type="cond" truecount="0" falsecount="2"/>
      <line num="221" count="0" type="stmt"/>
      <line num="222" count="0" type="cond" truecount="0" falsecount="2"/>
      <line num="225" count="0" type="stmt"/>
      <line num="226" count="0" type="stmt"/>
      <line num="228" count="0" type="stmt"/>
      <line num="229" count="0" type="stmt"/>
      <line num="230" count="0" type="stmt"/>
      <line num="231" count="0" type="stmt"/>
      <line num="232" count="0" type="stmt"/>
      <line num="233" count="0" type="stmt"/>
      <line num="236" count="0" type="stmt"/>
      <line num="237" count="0" type="stmt"/>
      <line num="238" count="0" type="cond" truecount="0" falsecount="2"/>
      <line num="239" count="0" type="cond" truecount="0" falsecount="2"/>
      <line num="243" count="0" type="stmt"/>
      <line num="254" count="0" type="stmt"/>
      <line num="259" count="0" type="stmt"/>
      <line num="268" count="0" type="stmt"/>
      <line num="269" count="0" type="stmt"/>
      <line num="274" count="0" type="stmt"/>
      <line num="275" count="0" type="stmt"/>
      <line num="276" count="0" type="stmt"/>
      <line num="277" count="0" type="stmt"/>
      <line num="279" count="0" type="cond" truecount="0" falsecount="2"/>
      <line num="280" count="0" type="stmt"/>
      <line num="284" count="0" type="stmt"/>
      <line num="292" count="0" type="cond" truecount="0" falsecount="2"/>
      <line num="293" count="0" type="stmt"/>
      <line num="297" count="0" type="stmt"/>
      <line num="304" count="0" type="cond" truecount="0" falsecount="4"/>
      <line num="305" count="0" type="stmt"/>
      <line num="308" count="0" type="cond" truecount="0" falsecount="2"/>
      <line num="310" count="0" type="stmt"/>
      <line num="319" count="0" type="stmt"/>
      <line num="329" count="0" type="stmt"/>
      <line num="332" count="0" type="stmt"/>
      <line num="333" count="0" type="stmt"/>
      <line num="338" count="0" type="stmt"/>
      <line num="339" count="0" type="stmt"/>
      <line num="340" count="0" type="stmt"/>
      <line num="341" count="0" type="cond" truecount="0" falsecount="2"/>
      <line num="343" count="0" type="stmt"/>
      <line num="345" count="0" type="stmt"/>
      <line num="362" count="0" type="cond" truecount="0" falsecount="2"/>
      <line num="363" count="0" type="stmt"/>
      <line num="366" count="0" type="stmt"/>
      <line num="367" count="0" type="stmt"/>
      <line num="384" count="0" type="stmt"/>
      <line num="385" count="0" type="stmt"/>
      <line num="390" count="0" type="stmt"/>
      <line num="391" count="0" type="stmt"/>
      <line num="392" count="0" type="cond" truecount="0" falsecount="2"/>
      <line num="394" count="0" type="stmt"/>
      <line num="395" count="0" type="stmt"/>
      <line num="397" count="0" type="stmt"/>
      <line num="414" count="0" type="cond" truecount="0" falsecount="2"/>
      <line num="415" count="0" type="stmt"/>
      <line num="419" count="0" type="stmt"/>
      <line num="420" count="0" type="stmt"/>
      <line num="421" count="0" type="stmt"/>
      <line num="422" count="0" type="cond" truecount="0" falsecount="2"/>
      <line num="423" count="0" type="stmt"/>
      <line num="428" count="0" type="cond" truecount="0" falsecount="2"/>
      <line num="431" count="0" type="stmt"/>
      <line num="432" count="0" type="stmt"/>
      <line num="433" count="0" type="stmt"/>
      <line num="443" count="0" type="stmt"/>
      <line num="449" count="0" type="stmt"/>
      <line num="450" count="0" type="stmt"/>
      <line num="454" count="0" type="stmt"/>
    </file>
    <file name="auth.js" path="C:\Users\pmjpr\OneDrive\Desktop\MMS1\backend\routes\auth.js">
      <metrics statements="64" coveredstatements="0" conditionals="55" coveredconditionals="0" methods="4" coveredmethods="0"/>
      <line num="1" count="0" type="stmt"/>
      <line num="2" count="0" type="stmt"/>
      <line num="3" count="0" type="stmt"/>
      <line num="5" count="0" type="stmt"/>
      <line num="8" count="0" type="stmt"/>
      <line num="9" count="0" type="stmt"/>
      <line num="10" count="0" type="stmt"/>
      <line num="12" count="0" type="cond" truecount="0" falsecount="7"/>
      <line num="13" count="0" type="stmt"/>
      <line num="15" count="0" type="cond" truecount="0" falsecount="2"/>
      <line num="16" count="0" type="stmt"/>
      <line num="20" count="0" type="stmt"/>
      <line num="26" count="0" type="cond" truecount="0" falsecount="2"/>
      <line num="27" count="0" type="stmt"/>
      <line num="31" count="0" type="stmt"/>
      <line num="36" count="0" type="cond" truecount="0" falsecount="2"/>
      <line num="37" count="0" type="stmt"/>
      <line num="41" count="0" type="stmt"/>
      <line num="53" count="0" type="cond" truecount="0" falsecount="2"/>
      <line num="54" count="0" type="stmt"/>
      <line num="55" count="0" type="stmt"/>
      <line num="58" count="0" type="cond" truecount="0" falsecount="2"/>
      <line num="59" count="0" type="stmt"/>
      <line num="63" count="0" type="stmt"/>
      <line num="69" count="0" type="stmt"/>
      <line num="81" count="0" type="stmt"/>
      <line num="82" count="0" type="stmt"/>
      <line num="87" count="0" type="stmt"/>
      <line num="88" count="0" type="stmt"/>
      <line num="89" count="0" type="stmt"/>
      <line num="90" count="0" type="cond" truecount="0" falsecount="4"/>
      <line num="91" count="0" type="stmt"/>
      <line num="95" count="0" type="stmt"/>
      <line num="99" count="0" type="cond" truecount="0" falsecount="4"/>
      <line num="100" count="0" type="stmt"/>
      <line num="104" count="0" type="stmt"/>
      <line num="109" count="0" type="cond" truecount="0" falsecount="4"/>
      <line num="110" count="0" type="stmt"/>
      <line num="114" count="0" type="stmt"/>
      <line num="120" count="0" type="stmt"/>
      <line num="134" count="0" type="stmt"/>
      <line num="135" count="0" type="stmt"/>
      <line num="140" count="0" type="stmt"/>
      <line num="141" count="0" type="stmt"/>
      <line num="142" count="0" type="stmt"/>
      <line num="143" count="0" type="cond" truecount="0" falsecount="2"/>
      <line num="145" count="0" type="cond" truecount="0" falsecount="2"/>
      <line num="146" count="0" type="stmt"/>
      <line num="152" count="0" type="cond" truecount="0" falsecount="4"/>
      <line num="154" count="0" type="stmt"/>
      <line num="167" count="0" type="stmt"/>
      <line num="168" count="0" type="stmt"/>
      <line num="173" count="0" type="stmt"/>
      <line num="174" count="0" type="stmt"/>
      <line num="175" count="0" type="stmt"/>
      <line num="176" count="0" type="cond" truecount="0" falsecount="2"/>
      <line num="178" count="0" type="cond" truecount="0" falsecount="2"/>
      <line num="179" count="0" type="stmt"/>
      <line num="181" count="0" type="stmt"/>
      <line num="194" count="0" type="cond" truecount="0" falsecount="2"/>
      <line num="196" count="0" type="stmt"/>
      <line num="209" count="0" type="stmt"/>
      <line num="210" count="0" type="stmt"/>
      <line num="214" count="0" type="stmt"/>
    </file>
    <file name="categories.js" path="C:\Users\pmjpr\OneDrive\Desktop\MMS1\backend\routes\categories.js">
      <metrics statements="22" coveredstatements="0" conditionals="6" coveredconditionals="0" methods="3" coveredmethods="0"/>
      <line num="1" count="0" type="stmt"/>
      <line num="2" count="0" type="stmt"/>
      <line num="4" count="0" type="stmt"/>
      <line num="7" count="0" type="stmt"/>
      <line num="8" count="0" type="stmt"/>
      <line num="9" count="0" type="stmt"/>
      <line num="14" count="0" type="cond" truecount="0" falsecount="2"/>
      <line num="15" count="0" type="stmt"/>
      <line num="18" count="0" type="stmt"/>
      <line num="19" count="0" type="stmt"/>
      <line num="29" count="0" type="stmt"/>
      <line num="30" count="0" type="stmt"/>
      <line num="35" count="0" type="stmt"/>
      <line num="36" count="0" type="stmt"/>
      <line num="37" count="0" type="stmt"/>
      <line num="39" count="0" type="stmt"/>
      <line num="45" count="0" type="cond" truecount="0" falsecount="4"/>
      <line num="46" count="0" type="stmt"/>
      <line num="49" count="0" type="stmt"/>
      <line num="60" count="0" type="stmt"/>
      <line num="61" count="0" type="stmt"/>
      <line num="65" count="0" type="stmt"/>
    </file>
    <file name="favorites.js" path="C:\Users\pmjpr\OneDrive\Desktop\MMS1\backend\routes\favorites.js">
      <metrics statements="120" coveredstatements="0" conditionals="58" coveredconditionals="0" methods="11" coveredmethods="0"/>
      <line num="1" count="0" type="stmt"/>
      <line num="2" count="0" type="stmt"/>
      <line num="3" count="0" type="stmt"/>
      <line num="5" count="0" type="stmt"/>
      <line num="8" count="0" type="stmt"/>
      <line num="9" count="0" type="stmt"/>
      <line num="11" count="0" type="cond" truecount="0" falsecount="2"/>
      <line num="12" count="0" type="stmt"/>
      <line num="15" count="0" type="cond" truecount="0" falsecount="2"/>
      <line num="16" count="0" type="stmt"/>
      <line num="19" count="0" type="stmt"/>
      <line num="20" count="0" type="stmt"/>
      <line num="21" count="0" type="cond" truecount="0" falsecount="2"/>
      <line num="22" count="0" type="cond" truecount="0" falsecount="2"/>
      <line num="24" count="0" type="stmt"/>
      <line num="25" count="0" type="stmt"/>
      <line num="27" count="0" type="stmt"/>
      <line num="32" count="0" type="stmt"/>
      <line num="33" count="0" type="stmt"/>
      <line num="34" count="0" type="stmt"/>
      <line num="35" count="0" type="cond" truecount="0" falsecount="2"/>
      <line num="36" count="0" type="stmt"/>
      <line num="40" count="0" type="stmt"/>
      <line num="42" count="0" type="stmt"/>
      <line num="50" count="0" type="stmt"/>
      <line num="53" count="0" type="stmt"/>
      <line num="55" count="0" type="cond" truecount="0" falsecount="2"/>
      <line num="56" count="0" type="stmt"/>
      <line num="57" count="0" type="stmt"/>
      <line num="61" count="0" type="stmt"/>
      <line num="81" count="0" type="cond" truecount="0" falsecount="2"/>
      <line num="82" count="0" type="stmt"/>
      <line num="85" count="0" type="stmt"/>
      <line num="86" count="0" type="stmt"/>
      <line num="107" count="0" type="stmt"/>
      <line num="108" count="0" type="stmt"/>
      <line num="113" count="0" type="stmt"/>
      <line num="114" count="0" type="stmt"/>
      <line num="115" count="0" type="stmt"/>
      <line num="117" count="0" type="cond" truecount="0" falsecount="2"/>
      <line num="118" count="0" type="stmt"/>
      <line num="122" count="0" type="stmt"/>
      <line num="129" count="0" type="cond" truecount="0" falsecount="4"/>
      <line num="130" count="0" type="stmt"/>
      <line num="134" count="0" type="stmt"/>
      <line num="136" count="0" type="cond" truecount="0" falsecount="2"/>
      <line num="139" count="0" type="stmt"/>
      <line num="146" count="0" type="cond" truecount="0" falsecount="2"/>
      <line num="147" count="0" type="cond" truecount="0" falsecount="2"/>
      <line num="150" count="0" type="stmt"/>
      <line num="158" count="0" type="cond" truecount="0" falsecount="2"/>
      <line num="159" count="0" type="cond" truecount="0" falsecount="2"/>
      <line num="160" count="0" type="stmt"/>
      <line num="162" count="0" type="stmt"/>
      <line num="166" count="0" type="stmt"/>
      <line num="168" count="0" type="stmt"/>
      <line num="177" count="0" type="stmt"/>
      <line num="178" count="0" type="stmt"/>
      <line num="183" count="0" type="stmt"/>
      <line num="184" count="0" type="stmt"/>
      <line num="185" count="0" type="stmt"/>
      <line num="188" count="0" type="stmt"/>
      <line num="190" count="0" type="cond" truecount="0" falsecount="2"/>
      <line num="193" count="0" type="stmt"/>
      <line num="199" count="0" type="cond" truecount="0" falsecount="2"/>
      <line num="200" count="0" type="stmt"/>
      <line num="204" count="0" type="stmt"/>
      <line num="206" count="0" type="stmt"/>
      <line num="209" count="0" type="stmt"/>
      <line num="210" count="0" type="stmt"/>
      <line num="215" count="0" type="stmt"/>
      <line num="216" count="0" type="stmt"/>
      <line num="217" count="0" type="stmt"/>
      <line num="220" count="0" type="stmt"/>
      <line num="222" count="0" type="cond" truecount="0" falsecount="2"/>
      <line num="225" count="0" type="stmt"/>
      <line num="232" count="0" type="cond" truecount="0" falsecount="2"/>
      <line num="233" count="0" type="stmt"/>
      <line num="236" count="0" type="stmt"/>
      <line num="242" count="0" type="stmt"/>
      <line num="243" count="0" type="stmt"/>
      <line num="248" count="0" type="stmt"/>
      <line num="249" count="0" type="stmt"/>
      <line num="250" count="0" type="stmt"/>
      <line num="251" count="0" type="cond" truecount="0" falsecount="2"/>
      <line num="252" count="0" type="stmt"/>
      <line num="255" count="0" type="stmt"/>
      <line num="257" count="0" type="cond" truecount="0" falsecount="2"/>
      <line num="259" count="0" type="stmt"/>
      <line num="280" count="0" type="cond" truecount="0" falsecount="2"/>
      <line num="281" count="0" type="stmt"/>
      <line num="284" count="0" type="stmt"/>
      <line num="285" count="0" type="stmt"/>
      <line num="306" count="0" type="stmt"/>
      <line num="307" count="0" type="stmt"/>
      <line num="312" count="0" type="stmt"/>
      <line num="313" count="0" type="stmt"/>
      <line num="314" count="0" type="stmt"/>
      <line num="315" count="0" type="cond" truecount="0" falsecount="2"/>
      <line num="316" count="0" type="stmt"/>
      <line num="319" count="0" type="stmt"/>
      <line num="321" count="0" type="cond" truecount="0" falsecount="2"/>
      <line num="323" count="0" type="stmt"/>
      <line num="344" count="0" type="cond" truecount="0" falsecount="2"/>
      <line num="345" count="0" type="stmt"/>
      <line num="348" count="0" type="stmt"/>
      <line num="349" count="0" type="stmt"/>
      <line num="370" count="0" type="stmt"/>
      <line num="371" count="0" type="stmt"/>
      <line num="376" count="0" type="stmt"/>
      <line num="377" count="0" type="stmt"/>
      <line num="379" count="0" type="stmt"/>
      <line num="381" count="0" type="cond" truecount="0" falsecount="2"/>
      <line num="383" count="0" type="stmt"/>
      <line num="388" count="0" type="cond" truecount="0" falsecount="2"/>
      <line num="389" count="0" type="stmt"/>
      <line num="392" count="0" type="stmt"/>
      <line num="397" count="0" type="stmt"/>
      <line num="398" count="0" type="stmt"/>
      <line num="402" count="0" type="stmt"/>
    </file>
    <file name="friends.js" path="C:\Users\pmjpr\OneDrive\Desktop\MMS1\backend\routes\friends.js">
      <metrics statements="219" coveredstatements="0" conditionals="138" coveredconditionals="0" methods="18" coveredmethods="0"/>
      <line num="1" count="0" type="stmt"/>
      <line num="2" count="0" type="stmt"/>
      <line num="4" count="0" type="stmt"/>
      <line num="7" count="0" type="stmt"/>
      <line num="8" count="0" type="stmt"/>
      <line num="10" count="0" type="cond" truecount="0" falsecount="2"/>
      <line num="11" count="0" type="stmt"/>
      <line num="14" count="0" type="cond" truecount="0" falsecount="2"/>
      <line num="15" count="0" type="stmt"/>
      <line num="18" count="0" type="stmt"/>
      <line num="19" count="0" type="stmt"/>
      <line num="20" count="0" type="cond" truecount="0" falsecount="2"/>
      <line num="21" count="0" type="cond" truecount="0" falsecount="2"/>
      <line num="23" count="0" type="stmt"/>
      <line num="24" count="0" type="stmt"/>
      <line num="26" count="0" type="stmt"/>
      <line num="31" count="0" type="stmt"/>
      <line num="32" count="0" type="stmt"/>
      <line num="33" count="0" type="stmt"/>
      <line num="34" count="0" type="stmt"/>
      <line num="35" count="0" type="stmt"/>
      <line num="36" count="0" type="stmt"/>
      <line num="38" count="0" type="cond" truecount="0" falsecount="2"/>
      <line num="39" count="0" type="stmt"/>
      <line num="42" count="0" type="cond" truecount="0" falsecount="2"/>
      <line num="43" count="0" type="stmt"/>
      <line num="47" count="0" type="stmt"/>
      <line num="53" count="0" type="cond" truecount="0" falsecount="4"/>
      <line num="54" count="0" type="stmt"/>
      <line num="57" count="0" type="stmt"/>
      <line num="63" count="0" type="cond" truecount="0" falsecount="4"/>
      <line num="64" count="0" type="stmt"/>
      <line num="68" count="0" type="stmt"/>
      <line num="74" count="0" type="cond" truecount="0" falsecount="2"/>
      <line num="75" count="0" type="cond" truecount="0" falsecount="2"/>
      <line num="76" count="0" type="stmt"/>
      <line num="78" count="0" type="cond" truecount="0" falsecount="2"/>
      <line num="79" count="0" type="stmt"/>
      <line num="82" count="0" type="cond" truecount="0" falsecount="2"/>
      <line num="83" count="0" type="stmt"/>
      <line num="84" count="0" type="stmt"/>
      <line num="89" count="0" type="cond" truecount="0" falsecount="2"/>
      <line num="90" count="0" type="stmt"/>
      <line num="91" count="0" type="stmt"/>
      <line num="93" count="0" type="stmt"/>
      <line num="98" count="0" type="stmt"/>
      <line num="104" count="0" type="cond" truecount="0" falsecount="2"/>
      <line num="105" count="0" type="cond" truecount="0" falsecount="2"/>
      <line num="106" count="0" type="stmt"/>
      <line num="108" count="0" type="stmt"/>
      <line num="112" count="0" type="stmt"/>
      <line num="113" count="0" type="stmt"/>
      <line num="115" count="0" type="stmt"/>
      <line num="124" count="0" type="stmt"/>
      <line num="126" count="0" type="stmt"/>
      <line num="132" count="0" type="cond" truecount="0" falsecount="2"/>
      <line num="133" count="0" type="stmt"/>
      <line num="134" count="0" type="stmt"/>
      <line num="136" count="0" type="stmt"/>
      <line num="139" count="0" type="stmt"/>
      <line num="150" count="0" type="stmt"/>
      <line num="151" count="0" type="stmt"/>
      <line num="156" count="0" type="stmt"/>
      <line num="157" count="0" type="stmt"/>
      <line num="158" count="0" type="stmt"/>
      <line num="159" count="0" type="stmt"/>
      <line num="161" count="0" type="cond" truecount="0" falsecount="2"/>
      <line num="162" count="0" type="stmt"/>
      <line num="165" count="0" type="stmt"/>
      <line num="173" count="0" type="cond" truecount="0" falsecount="4"/>
      <line num="174" count="0" type="stmt"/>
      <line num="178" count="0" type="stmt"/>
      <line num="184" count="0" type="cond" truecount="0" falsecount="4"/>
      <line num="185" count="0" type="stmt"/>
      <line num="188" count="0" type="cond" truecount="0" falsecount="2"/>
      <line num="190" count="0" type="stmt"/>
      <line num="197" count="0" type="cond" truecount="0" falsecount="2"/>
      <line num="198" count="0" type="stmt"/>
      <line num="202" count="0" type="cond" truecount="0" falsecount="2"/>
      <line num="203" count="0" type="stmt"/>
      <line num="209" count="0" type="stmt"/>
      <line num="213" count="0" type="stmt"/>
      <line num="214" count="0" type="stmt"/>
      <line num="223" count="0" type="stmt"/>
      <line num="225" count="0" type="stmt"/>
      <line num="231" count="0" type="cond" truecount="0" falsecount="2"/>
      <line num="232" count="0" type="stmt"/>
      <line num="235" count="0" type="stmt"/>
      <line num="238" count="0" type="stmt"/>
      <line num="243" count="0" type="stmt"/>
      <line num="244" count="0" type="stmt"/>
      <line num="249" count="0" type="stmt"/>
      <line num="250" count="0" type="stmt"/>
      <line num="251" count="0" type="stmt"/>
      <line num="253" count="0" type="stmt"/>
      <line num="259" count="0" type="cond" truecount="0" falsecount="4"/>
      <line num="260" count="0" type="stmt"/>
      <line num="263" count="0" type="cond" truecount="0" falsecount="2"/>
      <line num="264" count="0" type="stmt"/>
      <line num="267" count="0" type="cond" truecount="0" falsecount="2"/>
      <line num="268" count="0" type="stmt"/>
      <line num="271" count="0" type="stmt"/>
      <line num="276" count="0" type="cond" truecount="0" falsecount="2"/>
      <line num="277" count="0" type="stmt"/>
      <line num="280" count="0" type="stmt"/>
      <line num="282" count="0" type="stmt"/>
      <line num="283" count="0" type="stmt"/>
      <line num="288" count="0" type="stmt"/>
      <line num="289" count="0" type="stmt"/>
      <line num="290" count="0" type="stmt"/>
      <line num="291" count="0" type="stmt"/>
      <line num="293" count="0" type="cond" truecount="0" falsecount="2"/>
      <line num="294" count="0" type="stmt"/>
      <line num="298" count="0" type="stmt"/>
      <line num="305" count="0" type="cond" truecount="0" falsecount="2"/>
      <line num="306" count="0" type="stmt"/>
      <line num="307" count="0" type="stmt"/>
      <line num="310" count="0" type="cond" truecount="0" falsecount="2"/>
      <line num="311" count="0" type="stmt"/>
      <line num="315" count="0" type="cond" truecount="0" falsecount="2"/>
      <line num="316" count="0" type="stmt"/>
      <line num="317" count="0" type="cond" truecount="0" falsecount="2"/>
      <line num="318" count="0" type="cond" truecount="0" falsecount="2"/>
      <line num="319" count="0" type="stmt"/>
      <line num="321" count="0" type="stmt"/>
      <line num="324" count="0" type="stmt"/>
      <line num="327" count="0" type="stmt"/>
      <line num="328" count="0" type="stmt"/>
      <line num="333" count="0" type="stmt"/>
      <line num="334" count="0" type="stmt"/>
      <line num="335" count="0" type="stmt"/>
      <line num="336" count="0" type="stmt"/>
      <line num="338" count="0" type="stmt"/>
      <line num="344" count="0" type="cond" truecount="0" falsecount="2"/>
      <line num="345" count="0" type="stmt"/>
      <line num="346" count="0" type="stmt"/>
      <line num="349" count="0" type="cond" truecount="0" falsecount="2"/>
      <line num="350" count="0" type="cond" truecount="0" falsecount="2"/>
      <line num="351" count="0" type="stmt"/>
      <line num="353" count="0" type="cond" truecount="0" falsecount="2"/>
      <line num="354" count="0" type="stmt"/>
      <line num="355" count="0" type="stmt"/>
      <line num="358" count="0" type="stmt"/>
      <line num="363" count="0" type="cond" truecount="0" falsecount="2"/>
      <line num="364" count="0" type="stmt"/>
      <line num="365" count="0" type="stmt"/>
      <line num="368" count="0" type="cond" truecount="0" falsecount="2"/>
      <line num="371" count="0" type="stmt"/>
      <line num="380" count="0" type="stmt"/>
      <line num="382" count="0" type="stmt"/>
      <line num="383" count="0" type="stmt"/>
      <line num="388" count="0" type="stmt"/>
      <line num="389" count="0" type="stmt"/>
      <line num="390" count="0" type="stmt"/>
      <line num="393" count="0" type="stmt"/>
      <line num="399" count="0" type="cond" truecount="0" falsecount="2"/>
      <line num="400" count="0" type="stmt"/>
      <line num="401" count="0" type="stmt"/>
      <line num="404" count="0" type="cond" truecount="0" falsecount="2"/>
      <line num="407" count="0" type="stmt"/>
      <line num="408" count="0" type="stmt"/>
      <line num="410" count="0" type="cond" truecount="0" falsecount="2"/>
      <line num="411" count="0" type="stmt"/>
      <line num="416" count="0" type="cond" truecount="0" falsecount="2"/>
      <line num="417" count="0" type="stmt"/>
      <line num="418" count="0" type="stmt"/>
      <line num="421" count="0" type="cond" truecount="0" falsecount="2"/>
      <line num="424" count="0" type="stmt"/>
      <line num="427" count="0" type="stmt"/>
      <line num="428" count="0" type="cond" truecount="0" falsecount="2"/>
      <line num="435" count="0" type="stmt"/>
      <line num="441" count="0" type="stmt"/>
      <line num="443" count="0" type="cond" truecount="0" falsecount="2"/>
      <line num="444" count="0" type="stmt"/>
      <line num="445" count="0" type="stmt"/>
      <line num="446" count="0" type="stmt"/>
      <line num="449" count="0" type="cond" truecount="0" falsecount="2"/>
      <line num="450" count="0" type="cond" truecount="0" falsecount="4"/>
      <line num="451" count="0" type="stmt"/>
      <line num="454" count="0" type="stmt"/>
      <line num="455" count="0" type="stmt"/>
      <line num="469" count="0" type="stmt"/>
      <line num="470" count="0" type="stmt"/>
      <line num="475" count="0" type="stmt"/>
      <line num="476" count="0" type="stmt"/>
      <line num="477" count="0" type="stmt"/>
      <line num="480" count="0" type="stmt"/>
      <line num="487" count="0" type="cond" truecount="0" falsecount="2"/>
      <line num="488" count="0" type="stmt"/>
      <line num="489" count="0" type="stmt"/>
      <line num="492" count="0" type="cond" truecount="0" falsecount="2"/>
      <line num="495" count="0" type="cond" truecount="0" falsecount="2"/>
      <line num="496" count="0" type="stmt"/>
      <line num="498" count="0" type="cond" truecount="0" falsecount="2"/>
      <line num="499" count="0" type="stmt"/>
      <line num="504" count="0" type="cond" truecount="0" falsecount="2"/>
      <line num="505" count="0" type="stmt"/>
      <line num="506" count="0" type="stmt"/>
      <line num="509" count="0" type="cond" truecount="0" falsecount="2"/>
      <line num="513" count="0" type="cond" truecount="0" falsecount="2"/>
      <line num="514" count="0" type="cond" truecount="0" falsecount="2"/>
      <line num="521" count="0" type="stmt"/>
      <line num="534" count="0" type="stmt"/>
      <line num="538" count="0" type="stmt"/>
      <line num="539" count="0" type="stmt"/>
      <line num="544" count="0" type="stmt"/>
      <line num="545" count="0" type="stmt"/>
      <line num="546" count="0" type="stmt"/>
      <line num="547" count="0" type="stmt"/>
      <line num="549" count="0" type="stmt"/>
      <line num="556" count="0" type="cond" truecount="0" falsecount="4"/>
      <line num="557" count="0" type="stmt"/>
      <line num="560" count="0" type="stmt"/>
      <line num="565" count="0" type="cond" truecount="0" falsecount="2"/>
      <line num="566" count="0" type="stmt"/>
      <line num="569" count="0" type="stmt"/>
      <line num="571" count="0" type="stmt"/>
      <line num="572" count="0" type="stmt"/>
      <line num="576" count="0" type="stmt"/>
    </file>
    <file name="playlists.js" path="C:\Users\pmjpr\OneDrive\Desktop\MMS1\backend\routes\playlists.js">
      <metrics statements="248" coveredstatements="0" conditionals="168" coveredconditionals="0" methods="27" coveredmethods="0"/>
      <line num="1" count="0" type="stmt"/>
      <line num="2" count="0" type="stmt"/>
      <line num="3" count="0" type="stmt"/>
      <line num="5" count="0" type="stmt"/>
      <line num="8" count="0" type="stmt"/>
      <line num="9" count="0" type="stmt"/>
      <line num="11" count="0" type="cond" truecount="0" falsecount="2"/>
      <line num="12" count="0" type="stmt"/>
      <line num="16" count="0" type="cond" truecount="0" falsecount="2"/>
      <line num="17" count="0" type="stmt"/>
      <line num="20" count="0" type="stmt"/>
      <line num="21" count="0" type="stmt"/>
      <line num="23" count="0" type="cond" truecount="0" falsecount="2"/>
      <line num="25" count="0" type="cond" truecount="0" falsecount="2"/>
      <line num="26" count="0" type="stmt"/>
      <line num="30" count="0" type="stmt"/>
      <line num="36" count="0" type="stmt"/>
      <line num="37" count="0" type="cond" truecount="0" falsecount="4"/>
      <line num="39" count="0" type="stmt"/>
      <line num="47" count="0" type="cond" truecount="0" falsecount="2"/>
      <line num="48" count="0" type="stmt"/>
      <line num="51" count="0" type="stmt"/>
      <line num="54" count="0" type="stmt"/>
      <line num="62" count="0" type="stmt"/>
      <line num="64" count="0" type="stmt"/>
      <line num="69" count="0" type="stmt"/>
      <line num="70" count="0" type="stmt"/>
      <line num="71" count="0" type="cond" truecount="0" falsecount="4"/>
      <line num="72" count="0" type="stmt"/>
      <line num="74" count="0" type="stmt"/>
      <line num="75" count="0" type="stmt"/>
      <line num="76" count="0" type="cond" truecount="0" falsecount="4"/>
      <line num="77" count="0" type="stmt"/>
      <line num="82" count="0" type="stmt"/>
      <line num="85" count="0" type="stmt"/>
      <line num="89" count="0" type="stmt"/>
      <line num="90" count="0" type="stmt"/>
      <line num="91" count="0" type="cond" truecount="0" falsecount="2"/>
      <line num="93" count="0" type="stmt"/>
      <line num="95" count="0" type="cond" truecount="0" falsecount="2"/>
      <line num="96" count="0" type="stmt"/>
      <line num="100" count="0" type="cond" truecount="0" falsecount="2"/>
      <line num="101" count="0" type="stmt"/>
      <line num="108" count="0" type="cond" truecount="0" falsecount="4"/>
      <line num="109" count="0" type="stmt"/>
      <line num="113" count="0" type="stmt"/>
      <line num="115" count="0" type="stmt"/>
      <line num="127" count="0" type="cond" truecount="0" falsecount="2"/>
      <line num="128" count="0" type="stmt"/>
      <line num="129" count="0" type="stmt"/>
      <line num="132" count="0" type="stmt"/>
      <line num="134" count="0" type="stmt"/>
      <line num="149" count="0" type="stmt"/>
      <line num="150" count="0" type="stmt"/>
      <line num="155" count="0" type="stmt"/>
      <line num="156" count="0" type="stmt"/>
      <line num="157" count="0" type="cond" truecount="0" falsecount="2"/>
      <line num="158" count="0" type="stmt"/>
      <line num="160" count="0" type="stmt"/>
      <line num="162" count="0" type="stmt"/>
      <line num="172" count="0" type="stmt"/>
      <line num="174" count="0" type="cond" truecount="0" falsecount="2"/>
      <line num="175" count="0" type="stmt"/>
      <line num="178" count="0" type="stmt"/>
      <line num="179" count="0" type="stmt"/>
      <line num="198" count="0" type="stmt"/>
      <line num="199" count="0" type="stmt"/>
      <line num="204" count="0" type="stmt"/>
      <line num="205" count="0" type="stmt"/>
      <line num="206" count="0" type="stmt"/>
      <line num="207" count="0" type="cond" truecount="0" falsecount="2"/>
      <line num="208" count="0" type="stmt"/>
      <line num="211" count="0" type="stmt"/>
      <line num="217" count="0" type="cond" truecount="0" falsecount="4"/>
      <line num="218" count="0" type="stmt"/>
      <line num="221" count="0" type="stmt"/>
      <line num="222" count="0" type="stmt"/>
      <line num="226" count="0" type="stmt"/>
      <line num="229" count="0" type="cond" truecount="0" falsecount="5"/>
      <line num="230" count="0" type="stmt"/>
      <line num="236" count="0" type="stmt"/>
      <line num="239" count="0" type="stmt"/>
      <line num="250" count="0" type="cond" truecount="0" falsecount="4"/>
      <line num="251" count="0" type="stmt"/>
      <line num="254" count="0" type="stmt"/>
      <line num="256" count="0" type="cond" truecount="0" falsecount="2"/>
      <line num="257" count="0" type="stmt"/>
      <line num="260" count="0" type="stmt"/>
      <line num="261" count="0" type="stmt"/>
      <line num="279" count="0" type="stmt"/>
      <line num="280" count="0" type="stmt"/>
      <line num="285" count="0" type="stmt"/>
      <line num="286" count="0" type="stmt"/>
      <line num="287" count="0" type="cond" truecount="0" falsecount="2"/>
      <line num="288" count="0" type="stmt"/>
      <line num="290" count="0" type="stmt"/>
      <line num="300" count="0" type="cond" truecount="0" falsecount="2"/>
      <line num="301" count="0" type="stmt"/>
      <line num="304" count="0" type="stmt"/>
      <line num="306" count="0" type="stmt"/>
      <line num="308" count="0" type="cond" truecount="0" falsecount="2"/>
      <line num="309" count="0" type="stmt"/>
      <line num="312" count="0" type="stmt"/>
      <line num="313" count="0" type="stmt"/>
      <line num="330" count="0" type="stmt"/>
      <line num="331" count="0" type="stmt"/>
      <line num="336" count="0" type="stmt"/>
      <line num="337" count="0" type="stmt"/>
      <line num="338" count="0" type="cond" truecount="0" falsecount="3"/>
      <line num="339" count="0" type="stmt"/>
      <line num="341" count="0" type="cond" truecount="0" falsecount="4"/>
      <line num="342" count="0" type="stmt"/>
      <line num="346" count="0" type="stmt"/>
      <line num="358" count="0" type="stmt"/>
      <line num="359" count="0" type="cond" truecount="0" falsecount="2"/>
      <line num="361" count="0" type="cond" truecount="0" falsecount="2"/>
      <line num="364" count="0" type="cond" truecount="0" falsecount="2"/>
      <line num="365" count="0" type="stmt"/>
      <line num="374" count="0" type="cond" truecount="0" falsecount="5"/>
      <line num="375" count="0" type="stmt"/>
      <line num="376" count="0" type="cond" truecount="0" falsecount="2"/>
      <line num="380" count="0" type="stmt"/>
      <line num="381" count="0" type="stmt"/>
      <line num="399" count="0" type="stmt"/>
      <line num="400" count="0" type="stmt"/>
      <line num="405" count="0" type="stmt"/>
      <line num="406" count="0" type="stmt"/>
      <line num="407" count="0" type="stmt"/>
      <line num="409" count="0" type="stmt"/>
      <line num="432" count="0" type="cond" truecount="0" falsecount="4"/>
      <line num="433" count="0" type="stmt"/>
      <line num="437" count="0" type="stmt"/>
      <line num="438" count="0" type="stmt"/>
      <line num="439" count="0" type="stmt"/>
      <line num="441" count="0" type="stmt"/>
      <line num="456" count="0" type="stmt"/>
      <line num="457" count="0" type="stmt"/>
      <line num="462" count="0" type="stmt"/>
      <line num="463" count="0" type="stmt"/>
      <line num="464" count="0" type="stmt"/>
      <line num="466" count="0" type="stmt"/>
      <line num="488" count="0" type="cond" truecount="0" falsecount="4"/>
      <line num="489" count="0" type="stmt"/>
      <line num="493" count="0" type="stmt"/>
      <line num="494" count="0" type="stmt"/>
      <line num="495" count="0" type="stmt"/>
      <line num="497" count="0" type="stmt"/>
      <line num="502" count="0" type="stmt"/>
      <line num="503" count="0" type="stmt"/>
      <line num="508" count="0" type="stmt"/>
      <line num="509" count="0" type="stmt"/>
      <line num="510" count="0" type="stmt"/>
      <line num="511" count="0" type="stmt"/>
      <line num="514" count="0" type="stmt"/>
      <line num="520" count="0" type="cond" truecount="0" falsecount="4"/>
      <line num="521" count="0" type="stmt"/>
      <line num="524" count="0" type="cond" truecount="0" falsecount="2"/>
      <line num="525" count="0" type="stmt"/>
      <line num="529" count="0" type="stmt"/>
      <line num="541" count="0" type="cond" truecount="0" falsecount="2"/>
      <line num="542" count="0" type="stmt"/>
      <line num="545" count="0" type="stmt"/>
      <line num="557" count="0" type="stmt"/>
      <line num="558" count="0" type="stmt"/>
      <line num="563" count="0" type="stmt"/>
      <line num="564" count="0" type="stmt"/>
      <line num="565" count="0" type="stmt"/>
      <line num="568" count="0" type="stmt"/>
      <line num="574" count="0" type="cond" truecount="0" falsecount="4"/>
      <line num="575" count="0" type="stmt"/>
      <line num="578" count="0" type="cond" truecount="0" falsecount="2"/>
      <line num="579" count="0" type="stmt"/>
      <line num="583" count="0" type="stmt"/>
      <line num="588" count="0" type="cond" truecount="0" falsecount="2"/>
      <line num="589" count="0" type="stmt"/>
      <line num="592" count="0" type="stmt"/>
      <line num="595" count="0" type="stmt"/>
      <line num="596" count="0" type="stmt"/>
      <line num="601" count="0" type="stmt"/>
      <line num="602" count="0" type="stmt"/>
      <line num="603" count="0" type="stmt"/>
      <line num="604" count="0" type="stmt"/>
      <line num="606" count="0" type="cond" truecount="0" falsecount="2"/>
      <line num="607" count="0" type="stmt"/>
      <line num="611" count="0" type="stmt"/>
      <line num="617" count="0" type="cond" truecount="0" falsecount="4"/>
      <line num="618" count="0" type="stmt"/>
      <line num="621" count="0" type="cond" truecount="0" falsecount="2"/>
      <line num="622" count="0" type="stmt"/>
      <line num="626" count="0" type="stmt"/>
      <line num="633" count="0" type="cond" truecount="0" falsecount="4"/>
      <line num="634" count="0" type="stmt"/>
      <line num="638" count="0" type="stmt"/>
      <line num="646" count="0" type="cond" truecount="0" falsecount="2"/>
      <line num="649" count="0" type="stmt"/>
      <line num="657" count="0" type="cond" truecount="0" falsecount="2"/>
      <line num="658" count="0" type="cond" truecount="0" falsecount="2"/>
      <line num="659" count="0" type="stmt"/>
      <line num="661" count="0" type="stmt"/>
      <line num="664" count="0" type="stmt"/>
      <line num="667" count="0" type="stmt"/>
      <line num="668" count="0" type="stmt"/>
      <line num="673" count="0" type="stmt"/>
      <line num="674" count="0" type="stmt"/>
      <line num="675" count="0" type="stmt"/>
      <line num="678" count="0" type="stmt"/>
      <line num="684" count="0" type="cond" truecount="0" falsecount="4"/>
      <line num="685" count="0" type="stmt"/>
      <line num="688" count="0" type="cond" truecount="0" falsecount="2"/>
      <line num="689" count="0" type="stmt"/>
      <line num="693" count="0" type="stmt"/>
      <line num="699" count="0" type="cond" truecount="0" falsecount="2"/>
      <line num="700" count="0" type="stmt"/>
      <line num="703" count="0" type="stmt"/>
      <line num="706" count="0" type="stmt"/>
      <line num="707" count="0" type="stmt"/>
      <line num="712" count="0" type="stmt"/>
      <line num="713" count="0" type="stmt"/>
      <line num="714" count="0" type="stmt"/>
      <line num="715" count="0" type="stmt"/>
      <line num="717" count="0" type="cond" truecount="0" falsecount="2"/>
      <line num="718" count="0" type="stmt"/>
      <line num="722" count="0" type="stmt"/>
      <line num="728" count="0" type="cond" truecount="0" falsecount="4"/>
      <line num="729" count="0" type="stmt"/>
      <line num="732" count="0" type="cond" truecount="0" falsecount="2"/>
      <line num="733" count="0" type="stmt"/>
      <line num="737" count="0" type="stmt"/>
      <line num="743" count="0" type="stmt"/>
      <line num="747" count="0" type="cond" truecount="0" falsecount="2"/>
      <line num="748" count="0" type="stmt"/>
      <line num="751" count="0" type="stmt"/>
      <line num="754" count="0" type="stmt"/>
      <line num="755" count="0" type="stmt"/>
      <line num="760" count="0" type="stmt"/>
      <line num="761" count="0" type="stmt"/>
      <line num="762" count="0" type="stmt"/>
      <line num="764" count="0" type="stmt"/>
      <line num="771" count="0" type="cond" truecount="0" falsecount="2"/>
      <line num="772" count="0" type="stmt"/>
      <line num="773" count="0" type="stmt"/>
      <line num="776" count="0" type="cond" truecount="0" falsecount="2"/>
      <line num="778" count="0" type="stmt"/>
      <line num="779" count="0" type="stmt"/>
      <line num="785" count="0" type="cond" truecount="0" falsecount="2"/>
      <line num="786" count="0" type="stmt"/>
      <line num="788" count="0" type="stmt"/>
      <line num="791" count="0" type="stmt"/>
    </file>
    <file name="playlists.search.js" path="C:\Users\pmjpr\OneDrive\Desktop\MMS1\backend\routes\playlists.search.js">
      <metrics statements="15" coveredstatements="0" conditionals="15" coveredconditionals="0" methods="2" coveredmethods="0"/>
      <line num="2" count="0" type="stmt"/>
      <line num="3" count="0" type="stmt"/>
      <line num="4" count="0" type="cond" truecount="0" falsecount="3"/>
      <line num="5" count="0" type="stmt"/>
      <line num="7" count="0" type="cond" truecount="0" falsecount="4"/>
      <line num="8" count="0" type="stmt"/>
      <line num="11" count="0" type="stmt"/>
      <line num="29" count="0" type="stmt"/>
      <line num="31" count="0" type="cond" truecount="0" falsecount="2"/>
      <line num="32" count="0" type="stmt"/>
      <line num="33" count="0" type="stmt"/>
      <line num="36" count="0" type="stmt"/>
      <line num="37" count="0" type="stmt"/>
      <line num="59" count="0" type="stmt"/>
      <line num="60" count="0" type="stmt"/>
    </file>
    <file name="recommendations.js" path="C:\Users\pmjpr\OneDrive\Desktop\MMS1\backend\routes\recommendations.js">
      <metrics statements="121" coveredstatements="0" conditionals="104" coveredconditionals="0" methods="14" coveredmethods="0"/>
      <line num="1" count="0" type="stmt"/>
      <line num="2" count="0" type="stmt"/>
      <line num="4" count="0" type="stmt"/>
      <line num="7" count="0" type="stmt"/>
      <line num="8" count="0" type="stmt"/>
      <line num="10" count="0" type="cond" truecount="0" falsecount="2"/>
      <line num="11" count="0" type="stmt"/>
      <line num="14" count="0" type="cond" truecount="0" falsecount="2"/>
      <line num="15" count="0" type="stmt"/>
      <line num="18" count="0" type="stmt"/>
      <line num="19" count="0" type="stmt"/>
      <line num="20" count="0" type="cond" truecount="0" falsecount="2"/>
      <line num="21" count="0" type="cond" truecount="0" falsecount="2"/>
      <line num="23" count="0" type="stmt"/>
      <line num="24" count="0" type="stmt"/>
      <line num="26" count="0" type="stmt"/>
      <line num="31" count="0" type="stmt"/>
      <line num="32" count="0" type="stmt"/>
      <line num="33" count="0" type="stmt"/>
      <line num="34" count="0" type="cond" truecount="0" falsecount="2"/>
      <line num="37" count="0" type="stmt"/>
      <line num="51" count="0" type="cond" truecount="0" falsecount="2"/>
      <line num="52" count="0" type="stmt"/>
      <line num="56" count="0" type="stmt"/>
      <line num="58" count="0" type="cond" truecount="0" falsecount="4"/>
      <line num="59" count="0" type="stmt"/>
      <line num="60" count="0" type="cond" truecount="0" falsecount="2"/>
      <line num="61" count="0" type="stmt"/>
      <line num="67" count="0" type="stmt"/>
      <line num="68" count="0" type="cond" truecount="0" falsecount="2"/>
      <line num="69" count="0" type="stmt"/>
      <line num="72" count="0" type="stmt"/>
      <line num="75" count="0" type="cond" truecount="0" falsecount="2"/>
      <line num="76" count="0" type="stmt"/>
      <line num="94" count="0" type="cond" truecount="0" falsecount="4"/>
      <line num="95" count="0" type="stmt"/>
      <line num="100" count="0" type="cond" truecount="0" falsecount="2"/>
      <line num="101" count="0" type="stmt"/>
      <line num="117" count="0" type="cond" truecount="0" falsecount="2"/>
      <line num="118" count="0" type="stmt"/>
      <line num="121" count="0" type="stmt"/>
      <line num="124" count="0" type="cond" truecount="0" falsecount="4"/>
      <line num="125" count="0" type="stmt"/>
      <line num="129" count="0" type="cond" truecount="0" falsecount="2"/>
      <line num="130" count="0" type="stmt"/>
      <line num="145" count="0" type="cond" truecount="0" falsecount="4"/>
      <line num="146" count="0" type="stmt"/>
      <line num="152" count="0" type="stmt"/>
      <line num="163" count="0" type="stmt"/>
      <line num="170" count="0" type="stmt"/>
      <line num="171" count="0" type="stmt"/>
      <line num="176" count="0" type="stmt"/>
      <line num="177" count="0" type="stmt"/>
      <line num="178" count="0" type="stmt"/>
      <line num="179" count="0" type="cond" truecount="0" falsecount="2"/>
      <line num="182" count="0" type="stmt"/>
      <line num="196" count="0" type="cond" truecount="0" falsecount="2"/>
      <line num="197" count="0" type="stmt"/>
      <line num="201" count="0" type="stmt"/>
      <line num="203" count="0" type="cond" truecount="0" falsecount="4"/>
      <line num="204" count="0" type="stmt"/>
      <line num="205" count="0" type="cond" truecount="0" falsecount="2"/>
      <line num="206" count="0" type="stmt"/>
      <line num="212" count="0" type="stmt"/>
      <line num="213" count="0" type="cond" truecount="0" falsecount="2"/>
      <line num="214" count="0" type="stmt"/>
      <line num="217" count="0" type="stmt"/>
      <line num="220" count="0" type="cond" truecount="0" falsecount="2"/>
      <line num="221" count="0" type="stmt"/>
      <line num="239" count="0" type="cond" truecount="0" falsecount="4"/>
      <line num="240" count="0" type="stmt"/>
      <line num="245" count="0" type="cond" truecount="0" falsecount="2"/>
      <line num="246" count="0" type="stmt"/>
      <line num="263" count="0" type="cond" truecount="0" falsecount="2"/>
      <line num="264" count="0" type="stmt"/>
      <line num="267" count="0" type="stmt"/>
      <line num="270" count="0" type="cond" truecount="0" falsecount="4"/>
      <line num="271" count="0" type="stmt"/>
      <line num="275" count="0" type="cond" truecount="0" falsecount="2"/>
      <line num="276" count="0" type="stmt"/>
      <line num="291" count="0" type="cond" truecount="0" falsecount="4"/>
      <line num="292" count="0" type="stmt"/>
      <line num="298" count="0" type="stmt"/>
      <line num="309" count="0" type="stmt"/>
      <line num="316" count="0" type="stmt"/>
      <line num="317" count="0" type="stmt"/>
      <line num="322" count="0" type="stmt"/>
      <line num="323" count="0" type="stmt"/>
      <line num="324" count="0" type="stmt"/>
      <line num="325" count="0" type="cond" truecount="0" falsecount="2"/>
      <line num="328" count="0" type="stmt"/>
      <line num="340" count="0" type="cond" truecount="0" falsecount="2"/>
      <line num="341" count="0" type="stmt"/>
      <line num="345" count="0" type="stmt"/>
      <line num="346" count="0" type="stmt"/>
      <line num="348" count="0" type="cond" truecount="0" falsecount="4"/>
      <line num="349" count="0" type="stmt"/>
      <line num="350" count="0" type="cond" truecount="0" falsecount="2"/>
      <line num="351" count="0" type="cond" truecount="0" falsecount="2"/>
      <line num="356" count="0" type="stmt"/>
      <line num="373" count="0" type="stmt"/>
      <line num="375" count="0" type="cond" truecount="0" falsecount="2"/>
      <line num="376" count="0" type="stmt"/>
      <line num="377" count="0" type="stmt"/>
      <line num="380" count="0" type="cond" truecount="0" falsecount="2"/>
      <line num="391" count="0" type="stmt"/>
      <line num="397" count="0" type="stmt"/>
      <line num="398" count="0" type="stmt"/>
      <line num="403" count="0" type="stmt"/>
      <line num="404" count="0" type="stmt"/>
      <line num="405" count="0" type="stmt"/>
      <line num="406" count="0" type="cond" truecount="0" falsecount="2"/>
      <line num="409" count="0" type="stmt"/>
      <line num="426" count="0" type="cond" truecount="0" falsecount="2"/>
      <line num="427" count="0" type="stmt"/>
      <line num="428" count="0" type="stmt"/>
      <line num="431" count="0" type="cond" truecount="0" falsecount="2"/>
      <line num="440" count="0" type="stmt"/>
      <line num="446" count="0" type="stmt"/>
      <line num="447" count="0" type="stmt"/>
      <line num="451" count="0" type="stmt"/>
    </file>
    <file name="songs.js" path="C:\Users\pmjpr\OneDrive\Desktop\MMS1\backend\routes\songs.js">
      <metrics statements="181" coveredstatements="0" conditionals="116" coveredconditionals="0" methods="16" coveredmethods="0"/>
      <line num="1" count="0" type="stmt"/>
      <line num="2" count="0" type="stmt"/>
      <line num="3" count="0" type="stmt"/>
      <line num="4" count="0" type="stmt"/>
      <line num="6" count="0" type="stmt"/>
      <line num="9" count="0" type="stmt"/>
      <line num="10" count="0" type="stmt"/>
      <line num="16" count="0" type="cond" truecount="0" falsecount="2"/>
      <line num="17" count="0" type="stmt"/>
      <line num="19" count="0" type="stmt"/>
      <line num="25" count="0" type="stmt"/>
      <line num="26" count="0" type="stmt"/>
      <line num="28" count="0" type="cond" truecount="0" falsecount="2"/>
      <line num="29" count="0" type="stmt"/>
      <line num="32" count="0" type="cond" truecount="0" falsecount="2"/>
      <line num="33" count="0" type="stmt"/>
      <line num="36" count="0" type="stmt"/>
      <line num="37" count="0" type="stmt"/>
      <line num="38" count="0" type="cond" truecount="0" falsecount="2"/>
      <line num="39" count="0" type="cond" truecount="0" falsecount="2"/>
      <line num="42" count="0" type="stmt"/>
      <line num="48" count="0" type="stmt"/>
      <line num="49" count="0" type="stmt"/>
      <line num="51" count="0" type="stmt"/>
      <line num="56" count="0" type="stmt"/>
      <line num="57" count="0" type="cond" truecount="0" falsecount="2"/>
      <line num="58" count="0" type="stmt"/>
      <line num="60" count="0" type="stmt"/>
      <line num="64" count="0" type="stmt"/>
      <line num="65" count="0" type="stmt"/>
      <line num="66" count="0" type="cond" truecount="0" falsecount="2"/>
      <line num="67" count="0" type="stmt"/>
      <line num="69" count="0" type="cond" truecount="0" falsecount="2"/>
      <line num="70" count="0" type="stmt"/>
      <line num="72" count="0" type="stmt"/>
      <line num="73" count="0" type="stmt"/>
      <line num="74" count="0" type="cond" truecount="0" falsecount="2"/>
      <line num="75" count="0" type="cond" truecount="0" falsecount="2"/>
      <line num="76" count="0" type="stmt"/>
      <line num="77" count="0" type="stmt"/>
      <line num="79" count="0" type="stmt"/>
      <line num="84" count="0" type="stmt"/>
      <line num="85" count="0" type="stmt"/>
      <line num="86" count="0" type="stmt"/>
      <line num="87" count="0" type="stmt"/>
      <line num="89" count="0" type="cond" truecount="0" falsecount="6"/>
      <line num="90" count="0" type="stmt"/>
      <line num="94" count="0" type="stmt"/>
      <line num="95" count="0" type="stmt"/>
      <line num="102" count="0" type="cond" truecount="0" falsecount="2"/>
      <line num="103" count="0" type="stmt"/>
      <line num="107" count="0" type="stmt"/>
      <line num="112" count="0" type="stmt"/>
      <line num="132" count="0" type="cond" truecount="0" falsecount="2"/>
      <line num="134" count="0" type="stmt"/>
      <line num="135" count="0" type="stmt"/>
      <line num="138" count="0" type="stmt"/>
      <line num="154" count="0" type="stmt"/>
      <line num="155" count="0" type="stmt"/>
      <line num="160" count="0" type="stmt"/>
      <line num="161" count="0" type="stmt"/>
      <line num="170" count="0" type="stmt"/>
      <line num="172" count="0" type="stmt"/>
      <line num="183" count="0" type="cond" truecount="0" falsecount="2"/>
      <line num="184" count="0" type="stmt"/>
      <line num="188" count="0" type="cond" truecount="0" falsecount="2"/>
      <line num="189" count="0" type="stmt"/>
      <line num="193" count="0" type="cond" truecount="0" falsecount="2"/>
      <line num="194" count="0" type="stmt"/>
      <line num="198" count="0" type="cond" truecount="0" falsecount="2"/>
      <line num="199" count="0" type="stmt"/>
      <line num="200" count="0" type="cond" truecount="0" falsecount="2"/>
      <line num="201" count="0" type="stmt"/>
      <line num="202" count="0" type="cond" truecount="0" falsecount="2"/>
      <line num="204" count="0" type="stmt"/>
      <line num="206" count="0" type="stmt"/>
      <line num="210" count="0" type="stmt"/>
      <line num="211" count="0" type="stmt"/>
      <line num="213" count="0" type="stmt"/>
      <line num="215" count="0" type="cond" truecount="0" falsecount="2"/>
      <line num="216" count="0" type="stmt"/>
      <line num="219" count="0" type="stmt"/>
      <line num="220" count="0" type="stmt"/>
      <line num="242" count="0" type="stmt"/>
      <line num="243" count="0" type="stmt"/>
      <line num="248" count="0" type="stmt"/>
      <line num="249" count="0" type="stmt"/>
      <line num="250" count="0" type="stmt"/>
      <line num="252" count="0" type="stmt"/>
      <line num="264" count="0" type="cond" truecount="0" falsecount="4"/>
      <line num="265" count="0" type="stmt"/>
      <line num="268" count="0" type="stmt"/>
      <line num="287" count="0" type="stmt"/>
      <line num="288" count="0" type="stmt"/>
      <line num="293" count="0" type="stmt"/>
      <line num="294" count="0" type="stmt"/>
      <line num="295" count="0" type="stmt"/>
      <line num="296" count="0" type="stmt"/>
      <line num="299" count="0" type="stmt"/>
      <line num="305" count="0" type="cond" truecount="0" falsecount="4"/>
      <line num="306" count="0" type="stmt"/>
      <line num="309" count="0" type="cond" truecount="0" falsecount="2"/>
      <line num="310" count="0" type="stmt"/>
      <line num="314" count="0" type="stmt"/>
      <line num="332" count="0" type="cond" truecount="0" falsecount="2"/>
      <line num="333" count="0" type="stmt"/>
      <line num="336" count="0" type="stmt"/>
      <line num="351" count="0" type="stmt"/>
      <line num="352" count="0" type="stmt"/>
      <line num="357" count="0" type="stmt"/>
      <line num="358" count="0" type="stmt"/>
      <line num="359" count="0" type="stmt"/>
      <line num="362" count="0" type="stmt"/>
      <line num="368" count="0" type="cond" truecount="0" falsecount="4"/>
      <line num="369" count="0" type="stmt"/>
      <line num="372" count="0" type="cond" truecount="0" falsecount="2"/>
      <line num="373" count="0" type="stmt"/>
      <line num="377" count="0" type="stmt"/>
      <line num="382" count="0" type="cond" truecount="0" falsecount="2"/>
      <line num="383" count="0" type="stmt"/>
      <line num="387" count="0" type="cond" truecount="0" falsecount="2"/>
      <line num="388" count="0" type="stmt"/>
      <line num="389" count="0" type="cond" truecount="0" falsecount="2"/>
      <line num="390" count="0" type="stmt"/>
      <line num="394" count="0" type="stmt"/>
      <line num="397" count="0" type="stmt"/>
      <line num="398" count="0" type="stmt"/>
      <line num="403" count="0" type="stmt"/>
      <line num="404" count="0" type="stmt"/>
      <line num="405" count="0" type="stmt"/>
      <line num="407" count="0" type="stmt"/>
      <line num="416" count="0" type="cond" truecount="0" falsecount="2"/>
      <line num="417" count="0" type="stmt"/>
      <line num="418" count="0" type="stmt"/>
      <line num="421" count="0" type="stmt"/>
      <line num="422" count="0" type="stmt"/>
      <line num="438" count="0" type="stmt"/>
      <line num="439" count="0" type="stmt"/>
      <line num="444" count="0" type="stmt"/>
      <line num="445" count="0" type="stmt"/>
      <line num="446" count="0" type="stmt"/>
      <line num="447" count="0" type="cond" truecount="0" falsecount="2"/>
      <line num="449" count="0" type="stmt"/>
      <line num="451" count="0" type="stmt"/>
      <line num="463" count="0" type="cond" truecount="0" falsecount="2"/>
      <line num="464" count="0" type="stmt"/>
      <line num="467" count="0" type="stmt"/>
      <line num="468" count="0" type="stmt"/>
      <line num="488" count="0" type="stmt"/>
      <line num="489" count="0" type="stmt"/>
      <line num="493" count="0" type="stmt"/>
      <line num="495" count="0" type="stmt"/>
      <line num="496" count="0" type="stmt"/>
      <line num="497" count="0" type="stmt"/>
      <line num="500" count="0" type="stmt"/>
      <line num="506" count="0" type="cond" truecount="0" falsecount="4"/>
      <line num="507" count="0" type="stmt"/>
      <line num="511" count="0" type="stmt"/>
      <line num="513" count="0" type="cond" truecount="0" falsecount="2"/>
      <line num="516" count="0" type="stmt"/>
      <line num="523" count="0" type="cond" truecount="0" falsecount="2"/>
      <line num="524" count="0" type="cond" truecount="0" falsecount="2"/>
      <line num="527" count="0" type="stmt"/>
      <line num="530" count="0" type="cond" truecount="0" falsecount="2"/>
      <line num="531" count="0" type="cond" truecount="0" falsecount="2"/>
      <line num="532" count="0" type="stmt"/>
      <line num="534" count="0" type="stmt"/>
      <line num="537" count="0" type="stmt"/>
      <line num="539" count="0" type="stmt"/>
      <line num="540" count="0" type="stmt"/>
      <line num="544" count="0" type="stmt"/>
      <line num="545" count="0" type="stmt"/>
      <line num="546" count="0" type="stmt"/>
      <line num="548" count="0" type="stmt"/>
      <line num="550" count="0" type="cond" truecount="0" falsecount="2"/>
      <line num="552" count="0" type="stmt"/>
      <line num="557" count="0" type="cond" truecount="0" falsecount="2"/>
      <line num="558" count="0" type="stmt"/>
      <line num="560" count="0" type="stmt"/>
      <line num="562" count="0" type="stmt"/>
      <line num="563" count="0" type="stmt"/>
    </file>
    <file name="trending.js" path="C:\Users\pmjpr\OneDrive\Desktop\MMS1\backend\routes\trending.js">
      <metrics statements="87" coveredstatements="0" conditionals="73" coveredconditionals="0" methods="18" coveredmethods="0"/>
      <line num="1" count="0" type="stmt"/>
      <line num="2" count="0" type="stmt"/>
      <line num="4" count="0" type="stmt"/>
      <line num="7" count="0" type="stmt"/>
      <line num="8" count="0" type="stmt"/>
      <line num="15" count="0" type="stmt"/>
      <line num="17" count="0" type="stmt"/>
      <line num="18" count="0" type="stmt"/>
      <line num="21" count="0" type="stmt"/>
      <line num="43" count="0" type="cond" truecount="0" falsecount="4"/>
      <line num="44" count="0" type="stmt"/>
      <line num="48" count="0" type="cond" truecount="0" falsecount="4"/>
      <line num="49" count="0" type="stmt"/>
      <line num="52" count="0" type="stmt"/>
      <line num="54" count="0" type="cond" truecount="0" falsecount="2"/>
      <line num="55" count="0" type="stmt"/>
      <line num="56" count="0" type="stmt"/>
      <line num="60" count="0" type="stmt"/>
      <line num="61" count="0" type="cond" truecount="0" falsecount="2"/>
      <line num="62" count="0" type="stmt"/>
      <line num="63" count="0" type="cond" truecount="0" falsecount="2"/>
      <line num="64" count="0" type="stmt"/>
      <line num="69" count="0" type="cond" truecount="0" falsecount="2"/>
      <line num="73" count="0" type="stmt"/>
      <line num="74" count="0" type="stmt"/>
      <line num="76" count="0" type="stmt"/>
      <line num="91" count="0" type="stmt"/>
      <line num="101" count="0" type="stmt"/>
      <line num="102" count="0" type="stmt"/>
      <line num="107" count="0" type="stmt"/>
      <line num="108" count="0" type="stmt"/>
      <line num="115" count="0" type="stmt"/>
      <line num="117" count="0" type="stmt"/>
      <line num="118" count="0" type="stmt"/>
      <line num="121" count="0" type="stmt"/>
      <line num="139" count="0" type="stmt"/>
      <line num="143" count="0" type="cond" truecount="0" falsecount="2"/>
      <line num="144" count="0" type="stmt"/>
      <line num="145" count="0" type="stmt"/>
      <line num="149" count="0" type="cond" truecount="0" falsecount="2"/>
      <line num="152" count="0" type="cond" truecount="0" falsecount="4"/>
      <line num="153" count="0" type="stmt"/>
      <line num="154" count="0" type="cond" truecount="0" falsecount="2"/>
      <line num="159" count="0" type="cond" truecount="0" falsecount="4"/>
      <line num="160" count="0" type="stmt"/>
      <line num="161" count="0" type="cond" truecount="0" falsecount="2"/>
      <line num="162" count="0" type="stmt"/>
      <line num="167" count="0" type="stmt"/>
      <line num="179" count="0" type="stmt"/>
      <line num="189" count="0" type="stmt"/>
      <line num="190" count="0" type="stmt"/>
      <line num="195" count="0" type="stmt"/>
      <line num="196" count="0" type="stmt"/>
      <line num="203" count="0" type="stmt"/>
      <line num="205" count="0" type="stmt"/>
      <line num="206" count="0" type="stmt"/>
      <line num="209" count="0" type="stmt"/>
      <line num="232" count="0" type="stmt"/>
      <line num="236" count="0" type="cond" truecount="0" falsecount="2"/>
      <line num="237" count="0" type="stmt"/>
      <line num="238" count="0" type="stmt"/>
      <line num="242" count="0" type="cond" truecount="0" falsecount="2"/>
      <line num="245" count="0" type="cond" truecount="0" falsecount="4"/>
      <line num="246" count="0" type="stmt"/>
      <line num="247" count="0" type="cond" truecount="0" falsecount="2"/>
      <line num="248" count="0" type="stmt"/>
      <line num="254" count="0" type="cond" truecount="0" falsecount="4"/>
      <line num="255" count="0" type="stmt"/>
      <line num="256" count="0" type="cond" truecount="0" falsecount="2"/>
      <line num="257" count="0" type="stmt"/>
      <line num="262" count="0" type="stmt"/>
      <line num="264" count="0" type="stmt"/>
      <line num="274" count="0" type="stmt"/>
      <line num="284" count="0" type="stmt"/>
      <line num="285" count="0" type="stmt"/>
      <line num="290" count="0" type="stmt"/>
      <line num="291" count="0" type="stmt"/>
      <line num="293" count="0" type="stmt"/>
      <line num="300" count="0" type="stmt"/>
      <line num="305" count="0" type="cond" truecount="0" falsecount="4"/>
      <line num="306" count="0" type="cond" truecount="0" falsecount="2"/>
      <line num="307" count="0" type="stmt"/>
      <line num="311" count="0" type="cond" truecount="0" falsecount="2"/>
      <line num="313" count="0" type="stmt"/>
      <line num="319" count="0" type="stmt"/>
      <line num="320" count="0" type="stmt"/>
      <line num="324" count="0" type="stmt"/>
    </file>
    <file name="users.js" path="C:\Users\pmjpr\OneDrive\Desktop\MMS1\backend\routes\users.js">
      <metrics statements="380" coveredstatements="42" conditionals="185" coveredconditionals="3" methods="36" coveredmethods="1"/>
      <line num="1" count="1" type="stmt"/>
      <line num="2" count="1" type="stmt"/>
      <line num="3" count="1" type="stmt"/>
      <line num="4" count="1" type="stmt"/>
      <line num="6" count="1" type="stmt"/>
      <line num="9" count="1" type="stmt"/>
      <line num="10" count="1" type="stmt"/>
      <line num="16" count="0" type="cond" truecount="0" falsecount="2"/>
      <line num="17" count="0" type="stmt"/>
      <line num="19" count="0" type="stmt"/>
      <line num="25" count="1" type="stmt"/>
      <line num="26" count="2" type="stmt"/>
      <line num="28" count="2" type="cond" truecount="2" falsecount="0"/>
      <line num="29" count="1" type="stmt"/>
      <line num="33" count="1" type="cond" truecount="1" falsecount="1"/>
      <line num="34" count="1" type="stmt"/>
      <line num="37" count="0" type="stmt"/>
      <line num="38" count="0" type="stmt"/>
      <line num="40" count="0" type="cond" truecount="0" falsecount="2"/>
      <line num="41" count="0" type="stmt"/>
      <line num="44" count="0" type="cond" truecount="0" falsecount="2"/>
      <line num="45" count="0" type="stmt"/>
      <line num="49" count="0" type="stmt"/>
      <line num="55" count="0" type="stmt"/>
      <line num="56" count="0" type="cond" truecount="0" falsecount="4"/>
      <line num="58" count="0" type="stmt"/>
      <line num="69" count="0" type="cond" truecount="0" falsecount="2"/>
      <line num="70" count="0" type="stmt"/>
      <line num="71" count="0" type="stmt"/>
      <line num="73" count="0" type="stmt"/>
      <line num="76" count="0" type="stmt"/>
      <line num="83" count="0" type="stmt"/>
      <line num="85" count="0" type="stmt"/>
      <line num="90" count="1" type="stmt"/>
      <line num="91" count="0" type="stmt"/>
      <line num="92" count="0" type="cond" truecount="0" falsecount="4"/>
      <line num="93" count="0" type="stmt"/>
      <line num="95" count="0" type="stmt"/>
      <line num="96" count="0" type="stmt"/>
      <line num="97" count="0" type="cond" truecount="0" falsecount="4"/>
      <line num="98" count="0" type="stmt"/>
      <line num="103" count="0" type="stmt"/>
      <line num="106" count="0" type="stmt"/>
      <line num="110" count="1" type="stmt"/>
      <line num="111" count="0" type="stmt"/>
      <line num="112" count="0" type="stmt"/>
      <line num="115" count="0" type="stmt"/>
      <line num="121" count="0" type="cond" truecount="0" falsecount="4"/>
      <line num="122" count="0" type="stmt"/>
      <line num="126" count="0" type="stmt"/>
      <line num="132" count="0" type="stmt"/>
      <line num="138" count="0" type="stmt"/>
      <line num="149" count="0" type="stmt"/>
      <line num="150" count="0" type="stmt"/>
      <line num="155" count="1" type="stmt"/>
      <line num="156" count="0" type="stmt"/>
      <line num="157" count="0" type="stmt"/>
      <line num="158" count="0" type="stmt"/>
      <line num="160" count="0" type="stmt"/>
      <line num="172" count="0" type="cond" truecount="0" falsecount="2"/>
      <line num="173" count="0" type="stmt"/>
      <line num="175" count="0" type="stmt"/>
      <line num="176" count="0" type="stmt"/>
      <line num="181" count="1" type="stmt"/>
      <line num="182" count="0" type="stmt"/>
      <line num="183" count="0" type="stmt"/>
      <line num="189" count="0" type="cond" truecount="0" falsecount="4"/>
      <line num="190" count="0" type="stmt"/>
      <line num="193" count="0" type="stmt"/>
      <line num="208" count="0" type="stmt"/>
      <line num="209" count="0" type="stmt"/>
      <line num="214" count="1" type="stmt"/>
      <line num="215" count="0" type="stmt"/>
      <line num="216" count="0" type="stmt"/>
      <line num="218" count="0" type="stmt"/>
      <line num="219" count="0" type="stmt"/>
      <line num="221" count="0" type="stmt"/>
      <line num="230" count="0" type="stmt"/>
      <line num="231" count="0" type="cond" truecount="0" falsecount="2"/>
      <line num="232" count="0" type="stmt"/>
      <line num="236" count="0" type="stmt"/>
      <line num="239" count="0" type="stmt"/>
      <line num="246" count="0" type="cond" truecount="0" falsecount="2"/>
      <line num="247" count="0" type="stmt"/>
      <line num="248" count="0" type="stmt"/>
      <line num="251" count="0" type="stmt"/>
      <line num="257" count="0" type="cond" truecount="0" falsecount="2"/>
      <line num="258" count="0" type="stmt"/>
      <line num="259" count="0" type="stmt"/>
      <line num="262" count="0" type="stmt"/>
      <line num="263" count="0" type="stmt"/>
      <line num="271" count="0" type="stmt"/>
      <line num="286" count="0" type="stmt"/>
      <line num="287" count="0" type="stmt"/>
      <line num="292" count="1" type="stmt"/>
      <line num="293" count="0" type="stmt"/>
      <line num="294" count="0" type="stmt"/>
      <line num="295" count="0" type="cond" truecount="0" falsecount="2"/>
      <line num="296" count="0" type="stmt"/>
      <line num="300" count="0" type="stmt"/>
      <line num="301" count="0" type="stmt"/>
      <line num="308" count="0" type="cond" truecount="0" falsecount="2"/>
      <line num="309" count="0" type="stmt"/>
      <line num="313" count="0" type="stmt"/>
      <line num="318" count="0" type="stmt"/>
      <line num="328" count="0" type="cond" truecount="0" falsecount="2"/>
      <line num="330" count="0" type="stmt"/>
      <line num="331" count="0" type="stmt"/>
      <line num="334" count="0" type="stmt"/>
      <line num="340" count="0" type="stmt"/>
      <line num="341" count="0" type="stmt"/>
      <line num="346" count="1" type="stmt"/>
      <line num="347" count="0" type="stmt"/>
      <line num="348" count="0" type="stmt"/>
      <line num="350" count="0" type="stmt"/>
      <line num="356" count="0" type="cond" truecount="0" falsecount="4"/>
      <line num="357" count="0" type="stmt"/>
      <line num="360" count="0" type="stmt"/>
      <line num="372" count="0" type="stmt"/>
      <line num="373" count="0" type="stmt"/>
      <line num="378" count="1" type="stmt"/>
      <line num="379" count="0" type="stmt"/>
      <line num="380" count="0" type="stmt"/>
      <line num="382" count="0" type="stmt"/>
      <line num="388" count="0" type="cond" truecount="0" falsecount="4"/>
      <line num="389" count="0" type="stmt"/>
      <line num="392" count="0" type="stmt"/>
      <line num="404" count="0" type="stmt"/>
      <line num="405" count="0" type="stmt"/>
      <line num="410" count="1" type="stmt"/>
      <line num="411" count="0" type="stmt"/>
      <line num="412" count="0" type="cond" truecount="0" falsecount="2"/>
      <line num="414" count="0" type="cond" truecount="0" falsecount="2"/>
      <line num="415" count="0" type="stmt"/>
      <line num="418" count="0" type="stmt"/>
      <line num="425" count="0" type="stmt"/>
      <line num="426" count="0" type="stmt"/>
      <line num="428" count="0" type="stmt"/>
      <line num="430" count="0" type="cond" truecount="0" falsecount="2"/>
      <line num="431" count="0" type="stmt"/>
      <line num="434" count="0" type="stmt"/>
      <line num="435" count="0" type="stmt"/>
      <line num="451" count="0" type="stmt"/>
      <line num="452" count="0" type="stmt"/>
      <line num="457" count="1" type="stmt"/>
      <line num="458" count="0" type="stmt"/>
      <line num="459" count="0" type="stmt"/>
      <line num="461" count="0" type="cond" truecount="0" falsecount="2"/>
      <line num="462" count="0" type="stmt"/>
      <line num="466" count="0" type="stmt"/>
      <line num="472" count="0" type="cond" truecount="0" falsecount="4"/>
      <line num="473" count="0" type="stmt"/>
      <line num="476" count="0" type="cond" truecount="0" falsecount="2"/>
      <line num="477" count="0" type="stmt"/>
      <line num="481" count="0" type="stmt"/>
      <line num="487" count="0" type="cond" truecount="0" falsecount="4"/>
      <line num="488" count="0" type="stmt"/>
      <line num="491" count="0" type="cond" truecount="0" falsecount="4"/>
      <line num="492" count="0" type="stmt"/>
      <line num="496" count="0" type="stmt"/>
      <line num="502" count="0" type="cond" truecount="0" falsecount="2"/>
      <line num="503" count="0" type="cond" truecount="0" falsecount="2"/>
      <line num="504" count="0" type="stmt"/>
      <line num="505" count="0" type="cond" truecount="0" falsecount="2"/>
      <line num="506" count="0" type="stmt"/>
      <line num="511" count="0" type="stmt"/>
      <line num="520" count="0" type="cond" truecount="0" falsecount="2"/>
      <line num="521" count="0" type="stmt"/>
      <line num="525" count="0" type="stmt"/>
      <line num="535" count="0" type="stmt"/>
      <line num="547" count="0" type="stmt"/>
      <line num="548" count="0" type="stmt"/>
      <line num="553" count="1" type="stmt"/>
      <line num="554" count="0" type="stmt"/>
      <line num="555" count="0" type="stmt"/>
      <line num="565" count="0" type="cond" truecount="0" falsecount="2"/>
      <line num="566" count="0" type="stmt"/>
      <line num="569" count="0" type="stmt"/>
      <line num="570" count="0" type="stmt"/>
      <line num="579" count="0" type="stmt"/>
      <line num="580" count="0" type="stmt"/>
      <line num="585" count="1" type="stmt"/>
      <line num="586" count="0" type="stmt"/>
      <line num="587" count="0" type="stmt"/>
      <line num="588" count="0" type="stmt"/>
      <line num="590" count="0" type="cond" truecount="0" falsecount="2"/>
      <line num="591" count="0" type="stmt"/>
      <line num="595" count="0" type="stmt"/>
      <line num="603" count="0" type="cond" truecount="0" falsecount="4"/>
      <line num="604" count="0" type="stmt"/>
      <line num="607" count="0" type="cond" truecount="0" falsecount="2"/>
      <line num="610" count="0" type="stmt"/>
      <line num="620" count="0" type="cond" truecount="0" falsecount="2"/>
      <line num="621" count="0" type="stmt"/>
      <line num="625" count="0" type="stmt"/>
      <line num="635" count="0" type="stmt"/>
      <line num="645" count="0" type="stmt"/>
      <line num="646" count="0" type="stmt"/>
      <line num="651" count="1" type="stmt"/>
      <line num="652" count="0" type="stmt"/>
      <line num="653" count="0" type="stmt"/>
      <line num="660" count="0" type="cond" truecount="0" falsecount="2"/>
      <line num="661" count="0" type="stmt"/>
      <line num="664" count="0" type="stmt"/>
      <line num="665" count="0" type="stmt"/>
      <line num="669" count="0" type="stmt"/>
      <line num="670" count="0" type="stmt"/>
      <line num="675" count="1" type="stmt"/>
      <line num="676" count="0" type="stmt"/>
      <line num="677" count="0" type="stmt"/>
      <line num="680" count="0" type="stmt"/>
      <line num="685" count="0" type="cond" truecount="0" falsecount="2"/>
      <line num="686" count="0" type="stmt"/>
      <line num="689" count="0" type="stmt"/>
      <line num="694" count="0" type="stmt"/>
      <line num="695" count="0" type="stmt"/>
      <line num="700" count="1" type="stmt"/>
      <line num="701" count="0" type="stmt"/>
      <line num="702" count="0" type="stmt"/>
      <line num="704" count="0" type="cond" truecount="0" falsecount="2"/>
      <line num="705" count="0" type="stmt"/>
      <line num="709" count="0" type="stmt"/>
      <line num="716" count="0" type="cond" truecount="0" falsecount="4"/>
      <line num="717" count="0" type="stmt"/>
      <line num="721" count="0" type="stmt"/>
      <line num="728" count="0" type="cond" truecount="0" falsecount="2"/>
      <line num="729" count="0" type="stmt"/>
      <line num="733" count="0" type="stmt"/>
      <line num="742" count="0" type="cond" truecount="0" falsecount="2"/>
      <line num="743" count="0" type="stmt"/>
      <line num="744" count="0" type="stmt"/>
      <line num="747" count="0" type="stmt"/>
      <line num="750" count="0" type="stmt"/>
      <line num="760" count="0" type="stmt"/>
      <line num="770" count="0" type="stmt"/>
      <line num="771" count="0" type="stmt"/>
      <line num="776" count="1" type="stmt"/>
      <line num="777" count="0" type="stmt"/>
      <line num="778" count="0" type="stmt"/>
      <line num="780" count="0" type="stmt"/>
      <line num="786" count="0" type="cond" truecount="0" falsecount="2"/>
      <line num="787" count="0" type="stmt"/>
      <line num="788" count="0" type="stmt"/>
      <line num="791" count="0" type="stmt"/>
      <line num="792" count="0" type="stmt"/>
      <line num="795" count="0" type="stmt"/>
      <line num="796" count="0" type="stmt"/>
      <line num="801" count="1" type="stmt"/>
      <line num="802" count="0" type="stmt"/>
      <line num="803" count="0" type="stmt"/>
      <line num="804" count="0" type="cond" truecount="0" falsecount="4"/>
      <line num="806" count="0" type="stmt"/>
      <line num="813" count="0" type="cond" truecount="0" falsecount="2"/>
      <line num="814" count="0" type="stmt"/>
      <line num="815" count="0" type="stmt"/>
      <line num="818" count="0" type="stmt"/>
      <line num="820" count="0" type="stmt"/>
      <line num="821" count="0" type="stmt"/>
      <line num="826" count="1" type="stmt"/>
      <line num="827" count="0" type="stmt"/>
      <line num="828" count="0" type="stmt"/>
      <line num="829" count="0" type="cond" truecount="0" falsecount="1"/>
      <line num="831" count="0" type="stmt"/>
      <line num="839" count="0" type="cond" truecount="0" falsecount="2"/>
      <line num="840" count="0" type="stmt"/>
      <line num="841" count="0" type="stmt"/>
      <line num="844" count="0" type="stmt"/>
      <line num="846" count="0" type="stmt"/>
      <line num="847" count="0" type="stmt"/>
      <line num="851" count="1" type="stmt"/>
      <line num="852" count="0" type="stmt"/>
      <line num="853" count="0" type="stmt"/>
      <line num="854" count="0" type="cond" truecount="0" falsecount="1"/>
      <line num="856" count="0" type="stmt"/>
      <line num="864" count="0" type="cond" truecount="0" falsecount="2"/>
      <line num="865" count="0" type="stmt"/>
      <line num="866" count="0" type="stmt"/>
      <line num="869" count="0" type="stmt"/>
      <line num="871" count="0" type="stmt"/>
      <line num="872" count="0" type="stmt"/>
      <line num="876" count="1" type="stmt"/>
      <line num="877" count="0" type="stmt"/>
      <line num="878" count="0" type="stmt"/>
      <line num="879" count="0" type="cond" truecount="0" falsecount="1"/>
      <line num="881" count="0" type="stmt"/>
      <line num="890" count="0" type="cond" truecount="0" falsecount="2"/>
      <line num="891" count="0" type="stmt"/>
      <line num="892" count="0" type="stmt"/>
      <line num="895" count="0" type="stmt"/>
      <line num="897" count="0" type="stmt"/>
      <line num="898" count="0" type="stmt"/>
      <line num="903" count="1" type="stmt"/>
      <line num="904" count="0" type="stmt"/>
      <line num="905" count="0" type="stmt"/>
      <line num="907" count="0" type="stmt"/>
      <line num="912" count="0" type="cond" truecount="0" falsecount="2"/>
      <line num="913" count="0" type="stmt"/>
      <line num="914" count="0" type="stmt"/>
      <line num="917" count="0" type="cond" truecount="0" falsecount="2"/>
      <line num="919" count="0" type="stmt"/>
      <line num="920" count="0" type="stmt"/>
      <line num="925" count="1" type="stmt"/>
      <line num="926" count="0" type="stmt"/>
      <line num="928" count="0" type="stmt"/>
      <line num="933" count="0" type="cond" truecount="0" falsecount="2"/>
      <line num="934" count="0" type="stmt"/>
      <line num="937" count="0" type="cond" truecount="0" falsecount="2"/>
      <line num="938" count="0" type="cond" truecount="0" falsecount="2"/>
      <line num="940" count="0" type="stmt"/>
      <line num="945" count="0" type="cond" truecount="0" falsecount="2"/>
      <line num="946" count="0" type="stmt"/>
      <line num="947" count="0" type="stmt"/>
      <line num="950" count="0" type="cond" truecount="0" falsecount="2"/>
      <line num="953" count="0" type="stmt"/>
      <line num="954" count="0" type="stmt"/>
      <line num="959" count="1" type="stmt"/>
      <line num="960" count="0" type="stmt"/>
      <line num="961" count="0" type="stmt"/>
      <line num="963" count="0" type="cond" truecount="0" falsecount="5"/>
      <line num="964" count="0" type="stmt"/>
      <line num="967" count="0" type="stmt"/>
      <line num="980" count="0" type="cond" truecount="0" falsecount="2"/>
      <line num="981" count="0" type="stmt"/>
      <line num="982" count="0" type="stmt"/>
      <line num="985" count="0" type="stmt"/>
      <line num="986" count="0" type="stmt"/>
      <line num="1000" count="0" type="stmt"/>
      <line num="1001" count="0" type="stmt"/>
      <line num="1006" count="1" type="stmt"/>
      <line num="1007" count="0" type="stmt"/>
      <line num="1008" count="0" type="cond" truecount="0" falsecount="2"/>
      <line num="1009" count="0" type="stmt"/>
      <line num="1011" count="0" type="stmt"/>
      <line num="1018" count="0" type="cond" truecount="0" falsecount="2"/>
      <line num="1019" count="0" type="stmt"/>
      <line num="1022" count="0" type="stmt"/>
      <line num="1023" count="0" type="stmt"/>
      <line num="1040" count="0" type="stmt"/>
      <line num="1041" count="0" type="stmt"/>
      <line num="1046" count="1" type="stmt"/>
      <line num="1047" count="0" type="stmt"/>
      <line num="1048" count="0" type="stmt"/>
      <line num="1050" count="0" type="stmt"/>
      <line num="1058" count="0" type="cond" truecount="0" falsecount="2"/>
      <line num="1059" count="0" type="stmt"/>
      <line num="1062" count="0" type="stmt"/>
      <line num="1065" count="0" type="stmt"/>
      <line num="1066" count="0" type="stmt"/>
      <line num="1071" count="1" type="stmt"/>
      <line num="1072" count="0" type="stmt"/>
      <line num="1073" count="0" type="stmt"/>
      <line num="1081" count="0" type="cond" truecount="0" falsecount="2"/>
      <line num="1082" count="0" type="stmt"/>
      <line num="1085" count="0" type="stmt"/>
      <line num="1088" count="0" type="stmt"/>
      <line num="1089" count="0" type="stmt"/>
      <line num="1094" count="1" type="stmt"/>
      <line num="1095" count="0" type="stmt"/>
      <line num="1096" count="0" type="stmt"/>
      <line num="1097" count="0" type="stmt"/>
      <line num="1100" count="0" type="stmt"/>
      <line num="1106" count="0" type="cond" truecount="0" falsecount="2"/>
      <line num="1107" count="0" type="stmt"/>
      <line num="1108" count="0" type="stmt"/>
      <line num="1111" count="0" type="stmt"/>
      <line num="1114" count="0" type="stmt"/>
      <line num="1121" count="0" type="cond" truecount="0" falsecount="2"/>
      <line num="1122" count="0" type="stmt"/>
      <line num="1123" count="0" type="stmt"/>
      <line num="1126" count="0" type="stmt"/>
      <line num="1127" count="0" type="stmt"/>
      <line num="1130" count="0" type="stmt"/>
      <line num="1131" count="0" type="stmt"/>
      <line num="1136" count="1" type="stmt"/>
      <line num="1137" count="0" type="stmt"/>
      <line num="1138" count="0" type="stmt"/>
      <line num="1142" count="0" type="stmt"/>
      <line num="1146" count="0" type="stmt"/>
      <line num="1147" count="0" type="stmt"/>
      <line num="1151" count="1" type="stmt"/>
    </file>
  </project>
</coverage>
